<?xml version="1.0" encoding="UTF-8"?>
<!-- Generated by org.testng.reporters.JUnitReportReporter -->
<testsuite hostname="DESKTOP-150NEV4" failures="0" tests="1" name="com.mystore.testCases.TC_SearchTest_001" time="3.696" errors="0" timestamp="15 Nov 2022 20:19:50 GMT" skipped="0">
  <testcase classname="com.mystore.testCases.TC_SearchTest_001" name="searchTest" time="3.696"/>
</testsuite> <!-- com.mystore.testCases.TC_SearchTest_001 -->
