<?xml version="1.0" encoding="UTF-8"?>
<!-- Generated by org.testng.reporters.JUnitReportReporter -->
<testsuite hostname="DESKTOP-150NEV4" failures="0" tests="1" name="com.mystore.testCases.TC_RegisterTest" time="4.253" errors="0" timestamp="14 Nov 2022 22:13:37 GMT" skipped="0">
  <testcase classname="com.mystore.testCases.TC_RegisterTest" name="registerTest" time="4.253"/>
</testsuite> <!-- com.mystore.testCases.TC_RegisterTest -->
