<?xml version="1.0" encoding="UTF-8"?>
<!-- Generated by org.testng.reporters.JUnitReportReporter -->
<testsuite hostname="DESKTOP-150NEV4" failures="0" tests="1" name="com.mystore.testCases.TC_UserAcceptance" time="20.272" errors="0" timestamp="19 Nov 2022 18:04:01 GMT" skipped="0">
  <testcase classname="com.mystore.testCases.TC_UserAcceptance" name="userStory" time="20.272"/>
</testsuite> <!-- com.mystore.testCases.TC_UserAcceptance -->
