<?xml version="1.0" encoding="UTF-8"?>
<!-- Generated by org.testng.reporters.JUnitReportReporter -->
<testsuite hostname="DESKTOP-150NEV4" failures="0" tests="1" name="com.mystore.testCases.TC_LoginTest_001" time="1.558" errors="0" timestamp="14 Nov 2022 20:24:21 GMT" skipped="0">
  <testcase classname="com.mystore.testCases.TC_LoginTest_001" name="loginTest" time="1.558"/>
</testsuite> <!-- com.mystore.testCases.TC_LoginTest_001 -->
