<?xml version="1.0" encoding="UTF-8"?>
<!-- Generated by org.testng.reporters.JUnitReportReporter -->
<testsuite hostname="DESKTOP-150NEV4" failures="0" tests="1" name="com.mystore.testCases.TC_ShoppingCart_001" time="23.947" errors="0" timestamp="16 Nov 2022 22:44:20 GMT" skipped="0">
  <testcase classname="com.mystore.testCases.TC_ShoppingCart_001" name="shoppingCartTest" time="23.947"/>
</testsuite> <!-- com.mystore.testCases.TC_ShoppingCart_001 -->
